<?xml version="1.0" encoding="UTF-8"?>
<testsuite xmlns:xsi="http://www.w3.org/2001/XMLSchema-instance" xsi:noNamespaceSchemaLocation="https://maven.apache.org/surefire/maven-surefire-plugin/xsd/surefire-test-report-3.0.xsd" version="3.0" name="com.automation.framework.FrameworkApplicationTests" time="4.431" tests="1" errors="0" skipped="0" failures="0">
  <properties>
[...]
</properties>
  <testcase name="test1" classname="com.automation.framework.FrameworkApplicationTests" time="1.733">
    <system-out><![CDATA[22:34:32.326 [main] INFO org.springframework.test.context.support.AnnotationConfigContextLoaderUtils -- Could not detect default configuration classes for test class [com.automation.framework.FrameworkApplicationTests]: FrameworkApplicationTests does not declare any static, non-private, non-final, nested classes annotated with @Configuration.
22:34:32.380 [main] INFO org.springframework.boot.test.context.SpringBootTestContextBootstrapper -- Found @SpringBootConfiguration com.automation.framework.FrameworkApplication for test class com.automation.framework.FrameworkApplicationTests

  .   ____          _            __ _ _
 /\\ / ___'_ __ _ _(_)_ __  __ _ \ \ \ \
( ( )\___ | '_ | '_| | '_ \/ _` | \ \ \ \
 \\/  ___)| |_)| | | | | || (_| |  ) ) ) )
  '  |____| .__|_| |_|_| |_\__, | / / / /
 =========|_|==============|___/=/_/_/_/

 :: Spring Boot ::                (v3.3.3)

2024-08-26T22:34:32.609+05:30  INFO 23086 --- [framework] [           main] c.a.framework.FrameworkApplicationTests  : Starting FrameworkApplicationTests using Java 17.0.11 with PID 23086 (started by aman in /home/aman/Downloads/framework)
2024-08-26T22:34:32.610+05:30  INFO 23086 --- [framework] [           main] c.a.framework.FrameworkApplicationTests  : No active profile set, falling back to 1 default profile: "default"
2024-08-26T22:34:33.245+05:30  INFO 23086 --- [framework] [           main] c.a.framework.FrameworkApplicationTests  : Started FrameworkApplicationTests in 0.789 seconds (process running for 1.309)
2024-08-26T22:34:34.928+05:30  WARN 23086 --- [framework] [           main] o.o.selenium.devtools.CdpVersionFinder   : Unable to find CDP implementation matching 127
2024-08-26T22:34:34.928+05:30  WARN 23086 --- [framework] [           main] o.o.selenium.chromium.ChromiumDriver     : Unable to find version of CDP to use for 127.0.6533.72. You may need to include a dependency on a specific version of the CDP using something similar to `org.seleniumhq.selenium:selenium-devtools-v86:4.19.1` where the version ("v86") matches the version of the chromium-based browser you're using and the version number of the artifact is the same as Selenium's.
]]></system-out>
  </testcase>
</testsuite>